<?xml version="1.0" encoding="UTF-8"?>
<!-- Generated by org.testng.reporters.JUnitReportReporter -->
<testsuite hostname="Amol" name="Day11.DDF_MortgageCalc" tests="1" failures="0" timestamp="24 Feb 2017 12:04:40 GMT" time="33.047" errors="0">
  <testcase name="calc" time="33.047" classname="Day11.DDF_MortgageCalc"/>
</testsuite> <!-- Day11.DDF_MortgageCalc -->
